This is pdfTeX, Version 3.141592653-2.6-1.40.24 (TeX Live 2022) (preloaded format=pdflatex 2022.9.10)  12 SEP 2022 13:13
entering extended mode
 restricted \write18 enabled.
 %&-line parsing enabled.
**Relatório-ICE-23.tex
(./Relatório-ICE-23.tex
LaTeX2e <2022-06-01> patch level 5
L3 programming layer <2022-08-30> (c:/Users/vitor/AppData/Roaming/TinyTeX/texmf-dist/tex/latex/base/article.cls
Document Class: article 2021/10/04 v1.4n Standard LaTeX document class
(c:/Users/vitor/AppData/Roaming/TinyTeX/texmf-dist/tex/latex/base/size10.clo
File: size10.clo 2021/10/04 v1.4n Standard LaTeX file (size option)
)
\c@part=\count185
\c@section=\count186
\c@subsection=\count187
\c@subsubsection=\count188
\c@paragraph=\count189
\c@subparagraph=\count190
\c@figure=\count191
\c@table=\count192
\abovecaptionskip=\skip47
\belowcaptionskip=\skip48
\bibindent=\dimen138
) (c:/Users/vitor/AppData/Roaming/TinyTeX/texmf-dist/tex/latex/amsmath/amsmath.sty
Package: amsmath 2022/04/08 v2.17n AMS math features
\@mathmargin=\skip49
For additional information on amsmath, use the `?' option.
(c:/Users/vitor/AppData/Roaming/TinyTeX/texmf-dist/tex/latex/amsmath/amstext.sty
Package: amstext 2021/08/26 v2.01 AMS text
(c:/Users/vitor/AppData/Roaming/TinyTeX/texmf-dist/tex/latex/amsmath/amsgen.sty
File: amsgen.sty 1999/11/30 v2.0 generic functions
\@emptytoks=\toks16
\ex@=\dimen139
)) (c:/Users/vitor/AppData/Roaming/TinyTeX/texmf-dist/tex/latex/amsmath/amsbsy.sty
Package: amsbsy 1999/11/29 v1.2d Bold Symbols
\pmbraise@=\dimen140
) (c:/Users/vitor/AppData/Roaming/TinyTeX/texmf-dist/tex/latex/amsmath/amsopn.sty
Package: amsopn 2022/04/08 v2.04 operator names
)
\inf@bad=\count193
LaTeX Info: Redefining \frac on input line 234.
\uproot@=\count194
\leftroot@=\count195
LaTeX Info: Redefining \overline on input line 399.
LaTeX Info: Redefining \colon on input line 410.
\classnum@=\count196
\DOTSCASE@=\count197
LaTeX Info: Redefining \ldots on input line 496.
LaTeX Info: Redefining \dots on input line 499.
LaTeX Info: Redefining \cdots on input line 620.
\Mathstrutbox@=\box51
\strutbox@=\box52
LaTeX Info: Redefining \big on input line 722.
LaTeX Info: Redefining \Big on input line 723.
LaTeX Info: Redefining \bigg on input line 724.
LaTeX Info: Redefining \Bigg on input line 725.
\big@size=\dimen141
LaTeX Font Info:    Redeclaring font encoding OML on input line 743.
LaTeX Font Info:    Redeclaring font encoding OMS on input line 744.
\macc@depth=\count198
LaTeX Info: Redefining \bmod on input line 905.
LaTeX Info: Redefining \pmod on input line 910.
LaTeX Info: Redefining \smash on input line 940.
LaTeX Info: Redefining \relbar on input line 970.
LaTeX Info: Redefining \Relbar on input line 971.
\c@MaxMatrixCols=\count199
\dotsspace@=\muskip16
\c@parentequation=\count266
\dspbrk@lvl=\count267
\tag@help=\toks17
\row@=\count268
\column@=\count269
\maxfields@=\count270
\andhelp@=\toks18
\eqnshift@=\dimen142
\alignsep@=\dimen143
\tagshift@=\dimen144
\tagwidth@=\dimen145
\totwidth@=\dimen146
\lineht@=\dimen147
\@envbody=\toks19
\multlinegap=\skip50
\multlinetaggap=\skip51
\mathdisplay@stack=\toks20
LaTeX Info: Redefining \[ on input line 2953.
LaTeX Info: Redefining \] on input line 2954.
) (c:/Users/vitor/AppData/Roaming/TinyTeX/texmf-dist/tex/latex/amsfonts/amssymb.sty
Package: amssymb 2013/01/14 v3.01 AMS font symbols
(c:/Users/vitor/AppData/Roaming/TinyTeX/texmf-dist/tex/latex/amsfonts/amsfonts.sty
Package: amsfonts 2013/01/14 v3.01 Basic AMSFonts support
\symAMSa=\mathgroup4
\symAMSb=\mathgroup5
LaTeX Font Info:    Redeclaring math symbol \hbar on input line 98.
LaTeX Font Info:    Overwriting math alphabet `\mathfrak' in version `bold'
(Font)                  U/euf/m/n --> U/euf/b/n on input line 106.
)) (c:/Users/vitor/AppData/Roaming/TinyTeX/texmf-dist/tex/latex/lm/lmodern.sty
Package: lmodern 2015/05/01 v1.6.1 Latin Modern Fonts
LaTeX Font Info:    Overwriting symbol font `operators' in version `normal'
(Font)                  OT1/cmr/m/n --> OT1/lmr/m/n on input line 22.
LaTeX Font Info:    Overwriting symbol font `letters' in version `normal'
(Font)                  OML/cmm/m/it --> OML/lmm/m/it on input line 23.
LaTeX Font Info:    Overwriting symbol font `symbols' in version `normal'
(Font)                  OMS/cmsy/m/n --> OMS/lmsy/m/n on input line 24.
LaTeX Font Info:    Overwriting symbol font `largesymbols' in version `normal'
(Font)                  OMX/cmex/m/n --> OMX/lmex/m/n on input line 25.
LaTeX Font Info:    Overwriting symbol font `operators' in version `bold'
(Font)                  OT1/cmr/bx/n --> OT1/lmr/bx/n on input line 26.
LaTeX Font Info:    Overwriting symbol font `letters' in version `bold'
(Font)                  OML/cmm/b/it --> OML/lmm/b/it on input line 27.
LaTeX Font Info:    Overwriting symbol font `symbols' in version `bold'
(Font)                  OMS/cmsy/b/n --> OMS/lmsy/b/n on input line 28.
LaTeX Font Info:    Overwriting symbol font `largesymbols' in version `bold'
(Font)                  OMX/cmex/m/n --> OMX/lmex/m/n on input line 29.
LaTeX Font Info:    Overwriting math alphabet `\mathbf' in version `normal'
(Font)                  OT1/cmr/bx/n --> OT1/lmr/bx/n on input line 31.
LaTeX Font Info:    Overwriting math alphabet `\mathsf' in version `normal'
(Font)                  OT1/cmss/m/n --> OT1/lmss/m/n on input line 32.
LaTeX Font Info:    Overwriting math alphabet `\mathit' in version `normal'
(Font)                  OT1/cmr/m/it --> OT1/lmr/m/it on input line 33.
LaTeX Font Info:    Overwriting math alphabet `\mathtt' in version `normal'
(Font)                  OT1/cmtt/m/n --> OT1/lmtt/m/n on input line 34.
LaTeX Font Info:    Overwriting math alphabet `\mathbf' in version `bold'
(Font)                  OT1/cmr/bx/n --> OT1/lmr/bx/n on input line 35.
LaTeX Font Info:    Overwriting math alphabet `\mathsf' in version `bold'
(Font)                  OT1/cmss/bx/n --> OT1/lmss/bx/n on input line 36.
LaTeX Font Info:    Overwriting math alphabet `\mathit' in version `bold'
(Font)                  OT1/cmr/bx/it --> OT1/lmr/bx/it on input line 37.
LaTeX Font Info:    Overwriting math alphabet `\mathtt' in version `bold'
(Font)                  OT1/cmtt/m/n --> OT1/lmtt/m/n on input line 38.
) (c:/Users/vitor/AppData/Roaming/TinyTeX/texmf-dist/tex/generic/iftex/iftex.sty
Package: iftex 2022/02/03 v1.0f TeX engine tests
) (c:/Users/vitor/AppData/Roaming/TinyTeX/texmf-dist/tex/latex/base/fontenc.sty
Package: fontenc 2021/04/29 v2.0v Standard LaTeX package
LaTeX Font Info:    Trying to load font information for T1+lmr on input line 112.
(c:/Users/vitor/AppData/Roaming/TinyTeX/texmf-dist/tex/latex/lm/t1lmr.fd
File: t1lmr.fd 2015/05/01 v1.6.1 Font defs for Latin Modern
)) (c:/Users/vitor/AppData/Roaming/TinyTeX/texmf-dist/tex/latex/base/inputenc.sty
Package: inputenc 2021/02/14 v1.3d Input encoding file
\inpenc@prehook=\toks21
\inpenc@posthook=\toks22
) (c:/Users/vitor/AppData/Roaming/TinyTeX/texmf-dist/tex/latex/base/textcomp.sty
Package: textcomp 2020/02/02 v2.0n Standard LaTeX package
) (c:/Users/vitor/AppData/Roaming/TinyTeX/texmf-dist/tex/latex/microtype/microtype.sty
Package: microtype 2022/06/23 v3.0f Micro-typographical refinements (RS)
(c:/Users/vitor/AppData/Roaming/TinyTeX/texmf-dist/tex/latex/graphics/keyval.sty
Package: keyval 2022/05/29 v1.15 key=value parser (DPC)
\KV@toks@=\toks23
) (c:/Users/vitor/AppData/Roaming/TinyTeX/texmf-dist/tex/latex/etoolbox/etoolbox.sty
Package: etoolbox 2020/10/05 v2.5k e-TeX tools for LaTeX (JAW)
\etb@tempcnta=\count271
)
\MT@toks=\toks24
\MT@tempbox=\box53
\MT@count=\count272
LaTeX Info: Redefining \noprotrusionifhmode on input line 1045.
LaTeX Info: Redefining \leftprotrusion on input line 1046.
LaTeX Info: Redefining \rightprotrusion on input line 1056.
LaTeX Info: Redefining \textls on input line 1234.
\MT@outer@kern=\dimen148
LaTeX Info: Redefining \textmicrotypecontext on input line 1858.
\MT@listname@count=\count273
(c:/Users/vitor/AppData/Roaming/TinyTeX/texmf-dist/tex/latex/microtype/microtype-pdftex.def
File: microtype-pdftex.def 2022/06/23 v3.0f Definitions specific to pdftex (RS)
LaTeX Info: Redefining \lsstyle on input line 900.
LaTeX Info: Redefining \lslig on input line 900.
\MT@outer@space=\skip52
)
Package microtype Info: Loading configuration file microtype.cfg.
(c:/Users/vitor/AppData/Roaming/TinyTeX/texmf-dist/tex/latex/microtype/microtype.cfg
File: microtype.cfg 2022/06/23 v3.0f microtype main configuration file (RS)
)) (c:/Users/vitor/AppData/Roaming/TinyTeX/texmf-dist/tex/latex/xcolor/xcolor.sty
Package: xcolor 2022/06/12 v2.14 LaTeX color extensions (UK)
(c:/Users/vitor/AppData/Roaming/TinyTeX/texmf-dist/tex/latex/graphics-cfg/color.cfg
File: color.cfg 2016/01/02 v1.6 sample color configuration
)
Package xcolor Info: Driver file: pdftex.def on input line 227.
(c:/Users/vitor/AppData/Roaming/TinyTeX/texmf-dist/tex/latex/graphics-def/pdftex.def
File: pdftex.def 2020/10/05 v1.2a Graphics/color driver for pdftex
) (c:/Users/vitor/AppData/Roaming/TinyTeX/texmf-dist/tex/latex/graphics/mathcolor.ltx)
Package xcolor Info: Model `cmy' substituted by `cmy0' on input line 1353.
Package xcolor Info: Model `hsb' substituted by `rgb' on input line 1357.
Package xcolor Info: Model `RGB' extended on input line 1369.
Package xcolor Info: Model `HTML' substituted by `rgb' on input line 1371.
Package xcolor Info: Model `Hsb' substituted by `hsb' on input line 1372.
Package xcolor Info: Model `tHsb' substituted by `hsb' on input line 1373.
Package xcolor Info: Model `HSB' substituted by `hsb' on input line 1374.
Package xcolor Info: Model `Gray' substituted by `gray' on input line 1375.
Package xcolor Info: Model `wave' substituted by `hsb' on input line 1376.
(c:/Users/vitor/AppData/Roaming/TinyTeX/texmf-dist/tex/latex/graphics/dvipsnam.def
File: dvipsnam.def 2016/06/17 v3.0m Driver-dependent file (DPC,SPQR)
) (c:/Users/vitor/AppData/Roaming/TinyTeX/texmf-dist/tex/latex/xcolor/svgnam.def
File: svgnam.def 2022/06/12 v2.14 Predefined colors according to SVG 1.1 (UK)
) (c:/Users/vitor/AppData/Roaming/TinyTeX/texmf-dist/tex/latex/xcolor/x11nam.def
File: x11nam.def 2022/06/12 v2.14 Predefined colors according to Unix/X11 (UK)
)) (c:/Users/vitor/AppData/Roaming/TinyTeX/texmf-dist/tex/latex/bookmark/bookmark.sty
Package: bookmark 2020-11-06 v1.29 PDF bookmarks (HO)
(c:/Users/vitor/AppData/Roaming/TinyTeX/texmf-dist/tex/latex/hyperref/hyperref.sty
Package: hyperref 2022-06-20 v7.00s Hypertext links for LaTeX
(c:/Users/vitor/AppData/Roaming/TinyTeX/texmf-dist/tex/generic/ltxcmds/ltxcmds.sty
Package: ltxcmds 2020-05-10 v1.25 LaTeX kernel commands for general use (HO)
) (c:/Users/vitor/AppData/Roaming/TinyTeX/texmf-dist/tex/generic/pdftexcmds/pdftexcmds.sty
Package: pdftexcmds 2020-06-27 v0.33 Utility functions of pdfTeX for LuaTeX (HO)
(c:/Users/vitor/AppData/Roaming/TinyTeX/texmf-dist/tex/generic/infwarerr/infwarerr.sty
Package: infwarerr 2019/12/03 v1.5 Providing info/warning/error messages (HO)
)
Package pdftexcmds Info: \pdf@primitive is available.
Package pdftexcmds Info: \pdf@ifprimitive is available.
Package pdftexcmds Info: \pdfdraftmode found.
) (c:/Users/vitor/AppData/Roaming/TinyTeX/texmf-dist/tex/generic/kvsetkeys/kvsetkeys.sty
Package: kvsetkeys 2019/12/15 v1.18 Key value parser (HO)
) (c:/Users/vitor/AppData/Roaming/TinyTeX/texmf-dist/tex/generic/kvdefinekeys/kvdefinekeys.sty
Package: kvdefinekeys 2019-12-19 v1.6 Define keys (HO)
) (c:/Users/vitor/AppData/Roaming/TinyTeX/texmf-dist/tex/generic/pdfescape/pdfescape.sty
Package: pdfescape 2019/12/09 v1.15 Implements pdfTeX's escape features (HO)
) (c:/Users/vitor/AppData/Roaming/TinyTeX/texmf-dist/tex/latex/hycolor/hycolor.sty
Package: hycolor 2020-01-27 v1.10 Color options for hyperref/bookmark (HO)
) (c:/Users/vitor/AppData/Roaming/TinyTeX/texmf-dist/tex/latex/letltxmacro/letltxmacro.sty
Package: letltxmacro 2019/12/03 v1.6 Let assignment for LaTeX macros (HO)
) (c:/Users/vitor/AppData/Roaming/TinyTeX/texmf-dist/tex/latex/auxhook/auxhook.sty
Package: auxhook 2019-12-17 v1.6 Hooks for auxiliary files (HO)
) (c:/Users/vitor/AppData/Roaming/TinyTeX/texmf-dist/tex/latex/hyperref/nameref.sty
Package: nameref 2022-05-17 v2.50 Cross-referencing by name of section
(c:/Users/vitor/AppData/Roaming/TinyTeX/texmf-dist/tex/latex/refcount/refcount.sty
Package: refcount 2019/12/15 v3.6 Data extraction from label references (HO)
) (c:/Users/vitor/AppData/Roaming/TinyTeX/texmf-dist/tex/generic/gettitlestring/gettitlestring.sty
Package: gettitlestring 2019/12/15 v1.6 Cleanup title references (HO)
(c:/Users/vitor/AppData/Roaming/TinyTeX/texmf-dist/tex/latex/kvoptions/kvoptions.sty
Package: kvoptions 2022-06-15 v3.15 Key value format for package options (HO)
))
\c@section@level=\count274
)
\@linkdim=\dimen149
\Hy@linkcounter=\count275
\Hy@pagecounter=\count276
(c:/Users/vitor/AppData/Roaming/TinyTeX/texmf-dist/tex/latex/hyperref/pd1enc.def
File: pd1enc.def 2022-06-20 v7.00s Hyperref: PDFDocEncoding definition (HO)
Now handling font encoding PD1 ...
... no UTF-8 mapping file for font encoding PD1
) (c:/Users/vitor/AppData/Roaming/TinyTeX/texmf-dist/tex/generic/intcalc/intcalc.sty
Package: intcalc 2019/12/15 v1.3 Expandable calculations with integers (HO)
) (c:/Users/vitor/AppData/Roaming/TinyTeX/texmf-dist/tex/generic/etexcmds/etexcmds.sty
Package: etexcmds 2019/12/15 v1.7 Avoid name clashes with e-TeX commands (HO)
)
\Hy@SavedSpaceFactor=\count277
(c:/Users/vitor/AppData/Roaming/TinyTeX/texmf-dist/tex/latex/hyperref/puenc.def
File: puenc.def 2022-06-20 v7.00s Hyperref: PDF Unicode definition (HO)
Now handling font encoding PU ...
... no UTF-8 mapping file for font encoding PU
)
Package hyperref Info: Option `unicode' set `true' on input line 4045.
Package hyperref Info: Hyper figures OFF on input line 4162.
Package hyperref Info: Link nesting OFF on input line 4167.
Package hyperref Info: Hyper index ON on input line 4170.
Package hyperref Info: Plain pages OFF on input line 4177.
Package hyperref Info: Backreferencing OFF on input line 4182.
Package hyperref Info: Implicit mode ON; LaTeX internals redefined.
Package hyperref Info: Bookmarks ON on input line 4408.
\c@Hy@tempcnt=\count278
(c:/Users/vitor/AppData/Roaming/TinyTeX/texmf-dist/tex/latex/url/url.sty
\Urlmuskip=\muskip17
Package: url 2013/09/16  ver 3.4  Verb mode for urls, etc.
)
LaTeX Info: Redefining \url on input line 4746.
\XeTeXLinkMargin=\dimen150
(c:/Users/vitor/AppData/Roaming/TinyTeX/texmf-dist/tex/generic/bitset/bitset.sty
Package: bitset 2019/12/09 v1.3 Handle bit-vector datatype (HO)
(c:/Users/vitor/AppData/Roaming/TinyTeX/texmf-dist/tex/generic/bigintcalc/bigintcalc.sty
Package: bigintcalc 2019/12/15 v1.5 Expandable calculations on big integers (HO)
))
\Fld@menulength=\count279
\Field@Width=\dimen151
\Fld@charsize=\dimen152
Package hyperref Info: Hyper figures OFF on input line 6024.
Package hyperref Info: Link nesting OFF on input line 6029.
Package hyperref Info: Hyper index ON on input line 6032.
Package hyperref Info: backreferencing OFF on input line 6039.
Package hyperref Info: Link coloring OFF on input line 6044.
Package hyperref Info: Link coloring with OCG OFF on input line 6049.
Package hyperref Info: PDF/A mode OFF on input line 6054.
(c:/Users/vitor/AppData/Roaming/TinyTeX/texmf-dist/tex/latex/base/atbegshi-ltx.sty
Package: atbegshi-ltx 2021/01/10 v1.0c Emulation of the original atbegshi
package with kernel methods
)
\Hy@abspage=\count280
\c@Item=\count281
\c@Hfootnote=\count282
)
Package hyperref Info: Driver (autodetected): hpdftex.
(c:/Users/vitor/AppData/Roaming/TinyTeX/texmf-dist/tex/latex/hyperref/hpdftex.def
File: hpdftex.def 2022-06-20 v7.00s Hyperref driver for pdfTeX
(c:/Users/vitor/AppData/Roaming/TinyTeX/texmf-dist/tex/latex/base/atveryend-ltx.sty
Package: atveryend-ltx 2020/08/19 v1.0a Emulation of the original atveryend package
with kernel methods
)
\Fld@listcount=\count283
\c@bookmark@seq@number=\count284
(c:/Users/vitor/AppData/Roaming/TinyTeX/texmf-dist/tex/latex/rerunfilecheck/rerunfilecheck.sty
Package: rerunfilecheck 2022-07-10 v1.10 Rerun checks for auxiliary files (HO)
(c:/Users/vitor/AppData/Roaming/TinyTeX/texmf-dist/tex/generic/uniquecounter/uniquecounter.sty
Package: uniquecounter 2019/12/15 v1.4 Provide unlimited unique counter (HO)
)
Package uniquecounter Info: New unique counter `rerunfilecheck' on input line 285.
)
\Hy@SectionHShift=\skip53
) (c:/Users/vitor/AppData/Roaming/TinyTeX/texmf-dist/tex/latex/bookmark/bkm-pdftex.def
File: bkm-pdftex.def 2020-11-06 v1.29 bookmark driver for pdfTeX (HO)
\BKM@id=\count285
))
Package hyperref Info: Option `colorlinks' set `true' on input line 42.
(c:/Users/vitor/AppData/Roaming/TinyTeX/texmf-dist/tex/latex/geometry/geometry.sty
Package: geometry 2020/01/02 v5.9 Page Geometry
(c:/Users/vitor/AppData/Roaming/TinyTeX/texmf-dist/tex/generic/iftex/ifvtex.sty
Package: ifvtex 2019/10/25 v1.7 ifvtex legacy package. Use iftex instead.
)
\Gm@cnth=\count286
\Gm@cntv=\count287
\c@Gm@tempcnt=\count288
\Gm@bindingoffset=\dimen153
\Gm@wd@mp=\dimen154
\Gm@odd@mp=\dimen155
\Gm@even@mp=\dimen156
\Gm@layoutwidth=\dimen157
\Gm@layoutheight=\dimen158
\Gm@layouthoffset=\dimen159
\Gm@layoutvoffset=\dimen160
\Gm@dimlist=\toks25
) (c:/Users/vitor/AppData/Roaming/TinyTeX/texmf-dist/tex/latex/fancyvrb/fancyvrb.sty
Package: fancyvrb 2022/06/06 4.5 verbatim text (tvz,hv)
\FV@CodeLineNo=\count289
\FV@InFile=\read2
\FV@TabBox=\box54
\c@FancyVerbLine=\count290
\FV@StepNumber=\count291
\FV@OutFile=\write3
) (c:/Users/vitor/AppData/Roaming/TinyTeX/texmf-dist/tex/latex/framed/framed.sty
Package: framed 2011/10/22 v 0.96: framed or shaded text with page breaks
\OuterFrameSep=\skip54
\fb@frw=\dimen161
\fb@frh=\dimen162
\FrameRule=\dimen163
\FrameSep=\dimen164
) (c:/Users/vitor/AppData/Roaming/TinyTeX/texmf-dist/tex/latex/tools/longtable.sty
Package: longtable 2021-09-01 v4.17 Multi-page Table package (DPC)
\LTleft=\skip55
\LTright=\skip56
\LTpre=\skip57
\LTpost=\skip58
\LTchunksize=\count292
\LTcapwidth=\dimen165
\LT@head=\box55
\LT@firsthead=\box56
\LT@foot=\box57
\LT@lastfoot=\box58
\LT@gbox=\box59
\LT@cols=\count293
\LT@rows=\count294
\c@LT@tables=\count295
\c@LT@chunks=\count296
\LT@p@ftn=\toks26
) (c:/Users/vitor/AppData/Roaming/TinyTeX/texmf-dist/tex/latex/booktabs/booktabs.sty
Package: booktabs 2020/01/12 v1.61803398 Publication quality tables
\heavyrulewidth=\dimen166
\lightrulewidth=\dimen167
\cmidrulewidth=\dimen168
\belowrulesep=\dimen169
\belowbottomsep=\dimen170
\aboverulesep=\dimen171
\abovetopsep=\dimen172
\cmidrulesep=\dimen173
\cmidrulekern=\dimen174
\defaultaddspace=\dimen175
\@cmidla=\count297
\@cmidlb=\count298
\@aboverulesep=\dimen176
\@belowrulesep=\dimen177
\@thisruleclass=\count299
\@lastruleclass=\count300
\@thisrulewidth=\dimen178
) (c:/Users/vitor/AppData/Roaming/TinyTeX/texmf-dist/tex/latex/tools/array.sty
Package: array 2022/03/10 v2.5f Tabular extension package (FMi)
\col@sep=\dimen179
\ar@mcellbox=\box60
\extrarowheight=\dimen180
\NC@list=\toks27
\extratabsurround=\skip59
\backup@length=\skip60
\ar@cellbox=\box61
) (c:/Users/vitor/AppData/Roaming/TinyTeX/texmf-dist/tex/latex/tools/calc.sty
Package: calc 2017/05/25 v4.3 Infix arithmetic (KKT,FJ)
\calc@Acount=\count301
\calc@Bcount=\count302
\calc@Adimen=\dimen181
\calc@Bdimen=\dimen182
\calc@Askip=\skip61
\calc@Bskip=\skip62
LaTeX Info: Redefining \setlength on input line 80.
LaTeX Info: Redefining \addtolength on input line 81.
\calc@Ccount=\count303
\calc@Cskip=\skip63
) (c:/Users/vitor/AppData/Roaming/TinyTeX/texmf-dist/tex/latex/mdwtools/footnote.sty
Package: footnote 1997/01/28 1.13 Save footnotes around boxes
\fn@notes=\box62
\fn@width=\dimen183
) (c:/Users/vitor/AppData/Roaming/TinyTeX/texmf-dist/tex/latex/graphics/graphicx.sty
Package: graphicx 2021/09/16 v1.2d Enhanced LaTeX Graphics (DPC,SPQR)
(c:/Users/vitor/AppData/Roaming/TinyTeX/texmf-dist/tex/latex/graphics/graphics.sty
Package: graphics 2022/03/10 v1.4e Standard LaTeX Graphics (DPC,SPQR)
(c:/Users/vitor/AppData/Roaming/TinyTeX/texmf-dist/tex/latex/graphics/trig.sty
Package: trig 2021/08/11 v1.11 sin cos tan (DPC)
) (c:/Users/vitor/AppData/Roaming/TinyTeX/texmf-dist/tex/latex/graphics-cfg/graphics.cfg
File: graphics.cfg 2016/06/04 v1.11 sample graphics configuration
)
Package graphics Info: Driver file: pdftex.def on input line 107.
)
\Gin@req@height=\dimen184
\Gin@req@width=\dimen185
) (c:/Users/vitor/AppData/Roaming/TinyTeX/texmf-dist/tex/latex/tools/dcolumn.sty
Package: dcolumn 2014/10/28 v1.06 decimal alignment package (DPC)
) (c:/Users/vitor/AppData/Roaming/TinyTeX/texmf-dist/tex/latex/csquotes/csquotes.sty
Package: csquotes 2021-02-22 v5.2l context-sensitive quotations (JAW)
\csq@reset=\count304
\csq@gtype=\count305
\csq@glevel=\count306
\csq@qlevel=\count307
\csq@maxlvl=\count308
\csq@tshold=\count309
\csq@ltx@everypar=\toks28
(c:/Users/vitor/AppData/Roaming/TinyTeX/texmf-dist/tex/latex/csquotes/csquotes.def
File: csquotes.def 2021-02-22 v5.2l csquotes generic definitions (JAW)
)
Package csquotes Info: Trying to load configuration file 'csquotes.cfg'...
Package csquotes Info: ... configuration file loaded successfully.
(c:/Users/vitor/AppData/Roaming/TinyTeX/texmf-dist/tex/latex/csquotes/csquotes.cfg
File: csquotes.cfg 
)) (c:/Users/vitor/AppData/Roaming/TinyTeX/texmf-dist/tex/latex/tools/indentfirst.sty
Package: indentfirst 1995/11/23 v1.03 Indent first paragraph (DPC)
) (c:/Users/vitor/AppData/Roaming/TinyTeX/texmf-dist/tex/latex/setspace/setspace.sty
Package: setspace 2011/12/19 v6.7a set line spacing
) (c:/Users/vitor/AppData/Roaming/TinyTeX/texmf-dist/tex/latex/float/float.sty
Package: float 2001/11/08 v1.3d Float enhancements (AL)
\c@float@type=\count310
\float@exts=\toks29
\float@box=\box63
\@float@everytoks=\toks30
\@floatcapt=\box64
)
Package csquotes Info: Checking for multilingual support...
Package csquotes Info: ... none found.
(c:/Users/vitor/AppData/Roaming/TinyTeX/texmf-dist/tex/latex/l3backend/l3backend-pdftex.def
File: l3backend-pdftex.def 2022-08-30 L3 backend support: PDF output (pdfTeX)
\l__color_backend_stack_int=\count311
\l__pdf_internal_box=\box65
)

LaTeX Warning: Unused global option(s):
    [12].

(./Relatório-ICE-23.aux)
\openout1 = `Relatório-ICE-23.aux'.

LaTeX Font Info:    Checking defaults for OML/cmm/m/it on input line 128.
LaTeX Font Info:    ... okay on input line 128.
LaTeX Font Info:    Checking defaults for OMS/cmsy/m/n on input line 128.
LaTeX Font Info:    ... okay on input line 128.
LaTeX Font Info:    Checking defaults for OT1/cmr/m/n on input line 128.
LaTeX Font Info:    ... okay on input line 128.
LaTeX Font Info:    Checking defaults for T1/cmr/m/n on input line 128.
LaTeX Font Info:    ... okay on input line 128.
LaTeX Font Info:    Checking defaults for TS1/cmr/m/n on input line 128.
LaTeX Font Info:    ... okay on input line 128.
LaTeX Font Info:    Checking defaults for OMX/cmex/m/n on input line 128.
LaTeX Font Info:    ... okay on input line 128.
LaTeX Font Info:    Checking defaults for U/cmr/m/n on input line 128.
LaTeX Font Info:    ... okay on input line 128.
LaTeX Font Info:    Checking defaults for PD1/pdf/m/n on input line 128.
LaTeX Font Info:    ... okay on input line 128.
LaTeX Font Info:    Checking defaults for PU/pdf/m/n on input line 128.
LaTeX Font Info:    ... okay on input line 128.
LaTeX Info: Redefining \microtypecontext on input line 128.
Package microtype Info: Applying patch `item' on input line 128.
Package microtype Info: Applying patch `toc' on input line 128.
Package microtype Info: Applying patch `eqnum' on input line 128.

Package microtype Warning: Unable to apply patch `footnote' on input line 128.

Package microtype Info: Generating PDF output.
Package microtype Info: Character protrusion enabled (level 2).
Package microtype Info: Using protrusion set `basicmath'.
Package microtype Info: Automatic font expansion enabled (level 2),
(microtype)             stretch: 20, shrink: 20, step: 1, non-selected.
Package microtype Info: Using default expansion set `alltext-nott'.
LaTeX Info: Redefining \showhyphens on input line 128.
Package microtype Info: No adjustment of tracking.
Package microtype Info: No adjustment of interword spacing.
Package microtype Info: No adjustment of character kerning.
(c:/Users/vitor/AppData/Roaming/TinyTeX/texmf-dist/tex/latex/microtype/mt-cmr.cfg
File: mt-cmr.cfg 2013/05/19 v2.2 microtype config. file: Computer Modern Roman (RS)
) (c:/Users/vitor/AppData/Roaming/TinyTeX/texmf-dist/tex/latex/epstopdf-pkg/epstopdf-base.sty
Package: epstopdf-base 2020-01-24 v2.11 Base part for package epstopdf
Package epstopdf-base Info: Redefining graphics rule for `.eps' on input line 485.
(c:/Users/vitor/AppData/Roaming/TinyTeX/texmf-dist/tex/latex/latexconfig/epstopdf-sys.cfg
File: epstopdf-sys.cfg 2010/07/13 v1.3 Configuration of (r)epstopdf for TeX Live
))
Package hyperref Info: Link coloring ON on input line 128.
*geometry* driver: auto-detecting
*geometry* detected driver: pdftex
*geometry* verbose mode - [ preamble ] result:
* driver: pdftex
* paper: <default>
* layout: <same size as paper>
* layoutoffset:(h,v)=(0.0pt,0.0pt)
* modes: 
* h-part:(L,W,R)=(85.35826pt, 472.03123pt, 56.9055pt)
* v-part:(T,H,B)=(85.35826pt, 652.70622pt, 56.9055pt)
* \paperwidth=614.295pt
* \paperheight=794.96999pt
* \textwidth=472.03123pt
* \textheight=652.70622pt
* \oddsidemargin=13.08827pt
* \evensidemargin=13.08827pt
* \topmargin=-23.91173pt
* \headheight=12.0pt
* \headsep=25.0pt
* \topskip=10.0pt
* \footskip=30.0pt
* \marginparwidth=65.0pt
* \marginparsep=11.0pt
* \columnsep=10.0pt
* \skip\footins=9.0pt plus 4.0pt minus 2.0pt
* \hoffset=0.0pt
* \voffset=0.0pt
* \mag=1000
* \@twocolumnfalse
* \@twosidefalse
* \@mparswitchfalse
* \@reversemarginfalse
* (1in=72.27pt=25.4mm, 1cm=28.453pt)

LaTeX Font Info:    Trying to load font information for OT1+lmr on input line 130.
(c:/Users/vitor/AppData/Roaming/TinyTeX/texmf-dist/tex/latex/lm/ot1lmr.fd
File: ot1lmr.fd 2015/05/01 v1.6.1 Font defs for Latin Modern
)
LaTeX Font Info:    Trying to load font information for OML+lmm on input line 130.
(c:/Users/vitor/AppData/Roaming/TinyTeX/texmf-dist/tex/latex/lm/omllmm.fd
File: omllmm.fd 2015/05/01 v1.6.1 Font defs for Latin Modern
)
LaTeX Font Info:    Trying to load font information for OMS+lmsy on input line 130.
(c:/Users/vitor/AppData/Roaming/TinyTeX/texmf-dist/tex/latex/lm/omslmsy.fd
File: omslmsy.fd 2015/05/01 v1.6.1 Font defs for Latin Modern
)
LaTeX Font Info:    Trying to load font information for OMX+lmex on input line 130.
(c:/Users/vitor/AppData/Roaming/TinyTeX/texmf-dist/tex/latex/lm/omxlmex.fd
File: omxlmex.fd 2015/05/01 v1.6.1 Font defs for Latin Modern
)
LaTeX Font Info:    External font `lmex10' loaded for size
(Font)              <12> on input line 130.
LaTeX Font Info:    External font `lmex10' loaded for size
(Font)              <8> on input line 130.
LaTeX Font Info:    External font `lmex10' loaded for size
(Font)              <6> on input line 130.
LaTeX Font Info:    Trying to load font information for U+msa on input line 130.
(c:/Users/vitor/AppData/Roaming/TinyTeX/texmf-dist/tex/latex/amsfonts/umsa.fd
File: umsa.fd 2013/01/14 v3.01 AMS symbols A
) (c:/Users/vitor/AppData/Roaming/TinyTeX/texmf-dist/tex/latex/microtype/mt-msa.cfg
File: mt-msa.cfg 2006/02/04 v1.1 microtype config. file: AMS symbols (a) (RS)
)
LaTeX Font Info:    Trying to load font information for U+msb on input line 130.
(c:/Users/vitor/AppData/Roaming/TinyTeX/texmf-dist/tex/latex/amsfonts/umsb.fd
File: umsb.fd 2013/01/14 v3.01 AMS symbols B
) (c:/Users/vitor/AppData/Roaming/TinyTeX/texmf-dist/tex/latex/microtype/mt-msb.cfg
File: mt-msb.cfg 2005/06/01 v1.0 microtype config. file: AMS symbols (b) (RS)
) (./Relatório-ICE-23.toc
LaTeX Font Info:    External font `lmex10' loaded for size
(Font)              <10> on input line 3.
LaTeX Font Info:    External font `lmex10' loaded for size
(Font)              <7> on input line 3.
LaTeX Font Info:    External font `lmex10' loaded for size
(Font)              <5> on input line 3.
[1

{c:/Users/vitor/AppData/Roaming/TinyTeX/texmf-var/fonts/map/pdftex/updmap/pdftex.map}])
\tf@toc=\write4
\openout4 = `Relatório-ICE-23.toc'.

[2]
LaTeX Font Info:    Trying to load font information for TS1+lmr on input line 160.
(c:/Users/vitor/AppData/Roaming/TinyTeX/texmf-dist/tex/latex/lm/ts1lmr.fd
File: ts1lmr.fd 2015/05/01 v1.6.1 Font defs for Latin Modern
)
LaTeX Font Info:    Trying to load font information for T1+lmtt on input line 201.
(c:/Users/vitor/AppData/Roaming/TinyTeX/texmf-dist/tex/latex/lm/t1lmtt.fd
File: t1lmtt.fd 2015/05/01 v1.6.1 Font defs for Latin Modern
)

LaTeX Warning: Command \c invalid in math mode on input line 204.


LaTeX Warning: Command \~ invalid in math mode on input line 204.

[3]

LaTeX Warning: Command \c invalid in math mode on input line 241.


LaTeX Warning: Command \~ invalid in math mode on input line 241.


LaTeX Warning: Command \' invalid in math mode on input line 287.

[4]

LaTeX Warning: Command \' invalid in math mode on input line 329.


LaTeX Warning: Command \' invalid in math mode on input line 356.


LaTeX Warning: Command \' invalid in math mode on input line 383.

[5]

LaTeX Warning: Command \' invalid in math mode on input line 459.

[6] [7] [8] [9] [10] [11] [12] [13] [14] [15] [16]

LaTeX Warning: Command \~ invalid in math mode on input line 1429.


LaTeX Warning: Command \' invalid in math mode on input line 1429.

[17]

LaTeX Warning: Command \' invalid in math mode on input line 1498.


LaTeX Warning: Command \' invalid in math mode on input line 1570.


LaTeX Warning: Command \' invalid in math mode on input line 1570.

[18]

LaTeX Warning: Command \' invalid in math mode on input line 1642.


LaTeX Warning: Command \' invalid in math mode on input line 1642.

[19]

LaTeX Warning: Command \' invalid in math mode on input line 1714.


LaTeX Warning: Command \' invalid in math mode on input line 1714.

[20] [21]

LaTeX Warning: Command \c invalid in math mode on input line 1907.


LaTeX Warning: Command \~ invalid in math mode on input line 1907.


LaTeX Warning: Command \c invalid in math mode on input line 1907.


LaTeX Warning: Command \~ invalid in math mode on input line 1907.


LaTeX Warning: Command \' invalid in math mode on input line 1911.


LaTeX Warning: Command \c invalid in math mode on input line 1911.


LaTeX Warning: Command \~ invalid in math mode on input line 1911.


LaTeX Warning: Command \c invalid in math mode on input line 1911.


LaTeX Warning: Command \~ invalid in math mode on input line 1911.

[22] [23] [24] [25] [26]
<fig_1.png, id=588, 672.26157pt x 412.54124pt>
File: fig_1.png Graphic file (type png)
<use fig_1.png>
Package pdftex.def Info: fig_1.png  used on input line 2313.
(pdftex.def)             Requested size: 212.40976pt x 130.34775pt.
[27
pdfTeX warning (ext4): destination with the same identifier (name{figure.1}) has been already used, duplicate ignored
<argument> ...shipout:D \box_use:N \l_shipout_box 
                                                  \__shipout_drop_firstpage_...
l.2372 \end{longtable}
                       <./fig_1.png>]
LaTeX Font Info:    Trying to load font information for TS1+lmtt on input line 2376.
(c:/Users/vitor/AppData/Roaming/TinyTeX/texmf-dist/tex/latex/lm/ts1lmtt.fd
File: ts1lmtt.fd 2015/05/01 v1.6.1 Font defs for Latin Modern
) [28]
<fig_3.png, id=608, 672.26157pt x 412.54124pt>
File: fig_3.png Graphic file (type png)
<use fig_3.png>
Package pdftex.def Info: fig_3.png  used on input line 2499.
(pdftex.def)             Requested size: 259.61649pt x 159.31671pt.
[29] [30
pdfTeX warning (ext4): destination with the same identifier (name{figure.2}) has been already used, duplicate ignored
<argument> ...shipout:D \box_use:N \l_shipout_box 
                                                  \__shipout_drop_firstpage_...
l.2571 \end{longtable}
                       <./fig_3.png>] [31]
Overfull \hbox (2.83517pt too wide) in paragraph at lines 2675--2675
[]|\T1/lmr/m/n/10 (-20) 0.989072329400053|  
 []


Overfull \hbox (2.83517pt too wide) in paragraph at lines 2675--2675
[]|\T1/lmr/m/n/10 (-20) 0.153502820622599|  
 []


Overfull \hbox (10.29561pt too wide) in paragraph at lines 2676--2677
[]|\T1/lmr/m/n/10 (-20) 9.04660935223397|  
 []


Overfull \hbox (2.83517pt too wide) in paragraph at lines 2678--2678
\T1/lmr/m/n/10 (-20) 0.686033736126005|  
 []


Overfull \hbox (10.29561pt too wide) in paragraph at lines 2678--2679
[]|\T1/lmr/m/n/10 (-20) 8.86997916897514|  
 []


Overfull \hbox (2.83517pt too wide) in paragraph at lines 2679--2679
[]|\T1/lmr/m/n/10 (-20) 0.523644537458409|  
 []


Overfull \hbox (2.83517pt too wide) in paragraph at lines 2679--2679
[]|\T1/lmr/m/n/10 (-20) 0.991394117382424|  
 []


Overfull \hbox (10.29561pt too wide) in paragraph at lines 2680--2681
[]|\T1/lmr/m/n/10 (-20) 8.70941833385531|  
 []


Overfull \hbox (7.73517pt too wide) in paragraph at lines 2681--2681
\T1/lmr/m/n/10 (-20) 0.0073775790386098|  
 []


Overfull \hbox (2.83517pt too wide) in paragraph at lines 2681--2681
\T1/lmr/m/n/10 (-20) 0.708871802686014|  
 []


Overfull \hbox (10.29561pt too wide) in paragraph at lines 2682--2683
[]|\T1/lmr/m/n/10 (-20) 8.68237629079987|  
 []


Overfull \hbox (7.73517pt too wide) in paragraph at lines 2683--2684
[]|\T1/lmr/m/n/10 (-20) 0.0970293092813957|  
 []


Overfull \hbox (10.29561pt too wide) in paragraph at lines 2684--2685
[]|\T1/lmr/m/n/10 (-20) 7.88173101020616|  
 []


Overfull \hbox (2.83517pt too wide) in paragraph at lines 2686--2686
\T1/lmr/m/n/10 (-20) 0.780640922164835|  
 []


Overfull \hbox (10.29561pt too wide) in paragraph at lines 2686--2687
[]|\T1/lmr/m/n/10 (-20) 7.58997859582471|  
 []


Overfull \hbox (7.73517pt too wide) in paragraph at lines 2687--2687
\T1/lmr/m/n/10 (-20) 0.0883259841925252|  
 []


Overfull \hbox (10.29561pt too wide) in paragraph at lines 2688--2689
[]|\T1/lmr/m/n/10 (-20) 7.54973731862443|  
 []


Overfull \hbox (2.83517pt too wide) in paragraph at lines 2689--2689
[]|\T1/lmr/m/n/10 (-20) 0.535069384245411|  
 []


Overfull \hbox (2.83517pt too wide) in paragraph at lines 2690--2690
[]|\T1/lmr/m/n/10 (-20) 0.010320252025437|  
 []


Overfull \hbox (10.29561pt too wide) in paragraph at lines 2690--2691
[]|\T1/lmr/m/n/10 (-20) 7.43915087531148|  
 []


Overfull \hbox (2.83517pt too wide) in paragraph at lines 2691--2691
[]|\T1/lmr/m/n/10 (-20) 0.491313663290772|  
 []


Overfull \hbox (2.83517pt too wide) in paragraph at lines 2691--2692
\T1/lmr/m/n/10 (-20) 0.394353666834043|  
 []


Overfull \hbox (5.39561pt too wide) in paragraph at lines 2692--2693
[]|\T1/lmr/m/n/10 (-20) 7.3451427858676|  
 []


Overfull \hbox (10.29561pt too wide) in paragraph at lines 2694--2695
[]|\T1/lmr/m/n/10 (-20) 7.22520890678966|  
 []


Overfull \hbox (2.83517pt too wide) in paragraph at lines 2695--2695
[]|\T1/lmr/m/n/10 (-20) 0.925916871834568|  
 []


Overfull \hbox (10.29561pt too wide) in paragraph at lines 2696--2697
[]|\T1/lmr/m/n/10 (-20) 7.16826763443868|  
 []


Overfull \hbox (2.83517pt too wide) in paragraph at lines 2697--2697
[]|\T1/lmr/m/n/10 (-20) 0.868174938359331|  
 []


Overfull \hbox (10.29561pt too wide) in paragraph at lines 2698--2699
[]|\T1/lmr/m/n/10 (-20) 7.14528956481187|  
 []


Overfull \hbox (2.83517pt too wide) in paragraph at lines 2699--2699
\T1/lmr/m/n/10 (-20) 0.168447814795451|  
 []


Overfull \hbox (2.83517pt too wide) in paragraph at lines 2699--2699
\T1/lmr/m/n/10 (-20) 0.528259514427425|  
 []


Overfull \hbox (10.29561pt too wide) in paragraph at lines 2700--2701
[]|\T1/lmr/m/n/10 (-20) 7.07984530438966|  
 []


Overfull \hbox (10.29561pt too wide) in paragraph at lines 2702--2703
[]|\T1/lmr/m/n/10 (-20) 7.04150184666769|  
 []


Overfull \hbox (2.83517pt too wide) in paragraph at lines 2703--2703
[]|\T1/lmr/m/n/10 (-20) 0.861925505822368|  
 []


Overfull \hbox (2.83517pt too wide) in paragraph at lines 2704--2704
\T1/lmr/m/n/10 (-20) 0.262953047055848|  
 []


Overfull \hbox (10.29561pt too wide) in paragraph at lines 2704--2705
[]|\T1/lmr/m/n/10 (-20) 6.88233233360984|  
 []


Overfull \hbox (2.83517pt too wide) in paragraph at lines 2705--2705
\T1/lmr/m/n/10 (-20) 0.408659045633679|  
 []


Overfull \hbox (2.83517pt too wide) in paragraph at lines 2706--2706
[]|\T1/lmr/m/n/10 (-20) 0.416846321797867|  
 []


Overfull \hbox (10.29561pt too wide) in paragraph at lines 2706--2707
[]|\T1/lmr/m/n/10 (-20) 6.86542148428277|  
 []


Overfull \hbox (2.83517pt too wide) in paragraph at lines 2707--2707
\T1/lmr/m/n/10 (-20) 0.781492576894623|  
 []


Overfull \hbox (7.73517pt too wide) in paragraph at lines 2708--2708
[]|\T1/lmr/m/n/10 (-20) 0.0758945289961992|  
 []


Overfull \hbox (10.29561pt too wide) in paragraph at lines 2708--2709
[]|\T1/lmr/m/n/10 (-20) 6.84486648513992|  
 []


Overfull \hbox (2.83517pt too wide) in paragraph at lines 2709--2709
\T1/lmr/m/n/10 (-20) 0.238560724058526|  
 []


Overfull \hbox (2.83517pt too wide) in paragraph at lines 2710--2710
[]|\T1/lmr/m/n/10 (-20) 0.373283696897886|  
 []


Overfull \hbox (10.29561pt too wide) in paragraph at lines 2710--2711
[]|\T1/lmr/m/n/10 (-20) 6.76298772444234|  
 []


Overfull \hbox (2.83517pt too wide) in paragraph at lines 2711--2711
\T1/lmr/m/n/10 (-20) 0.229149429632175|  
 []


Overfull \hbox (2.83517pt too wide) in paragraph at lines 2712--2712
[]|\T1/lmr/m/n/10 (-20) 0.307329988875233|  
 []


Overfull \hbox (10.29561pt too wide) in paragraph at lines 2712--2713
[]|\T1/lmr/m/n/10 (-20) 6.75225516918674|  
 []


Overfull \hbox (2.83517pt too wide) in paragraph at lines 2713--2713
[]|\T1/lmr/m/n/10 (-20) 0.353055463346142|  
 []


Overfull \hbox (10.29561pt too wide) in paragraph at lines 2714--2715
[]|\T1/lmr/m/n/10 (-20) 6.74648418092955|  
 []


Overfull \hbox (2.83517pt too wide) in paragraph at lines 2715--2715
[]|\T1/lmr/m/n/10 (-20) 0.763193580241076|  
 []


Overfull \hbox (2.83517pt too wide) in paragraph at lines 2715--2715
\T1/lmr/m/n/10 (-20) 0.391237049288783|  
 []


Overfull \hbox (2.83517pt too wide) in paragraph at lines 2716--2716
[]|\T1/lmr/m/n/10 (-20) 0.840548740507675|  
 []


Overfull \hbox (10.29561pt too wide) in paragraph at lines 2716--2717
[]|\T1/lmr/m/n/10 (-20) 6.70004024487125|  
 []


Overfull \hbox (2.83517pt too wide) in paragraph at lines 2717--2717
[]|\T1/lmr/m/n/10 (-20) 0.512516663512028|  
 []


Overfull \hbox (2.83517pt too wide) in paragraph at lines 2717--2717
[]|\T1/lmr/m/n/10 (-20) 0.308110676282696|  
 []


Overfull \hbox (2.83517pt too wide) in paragraph at lines 2717--2718
[]|\T1/lmr/m/n/10 (-20) 0.359699212659778|  
 []


Overfull \hbox (10.29561pt too wide) in paragraph at lines 2718--2719
[]|\T1/lmr/m/n/10 (-20) 6.68146185279127|  
 []


Overfull \hbox (2.83517pt too wide) in paragraph at lines 2719--2720
[]|\T1/lmr/m/n/10 (-20) 0.429389854264528|  
 []


Overfull \hbox (5.39561pt too wide) in paragraph at lines 2720--2721
[]|\T1/lmr/m/n/10 (-20) 6.5991878311567|  
 []


Overfull \hbox (2.83517pt too wide) in paragraph at lines 2722--2722
\T1/lmr/m/n/10 (-20) 0.678168594251631|  
 []


Overfull \hbox (10.29561pt too wide) in paragraph at lines 2722--2723
[]|\T1/lmr/m/n/10 (-20) 6.59077648425786|  
 []


Overfull \hbox (7.73517pt too wide) in paragraph at lines 2723--2723
[]|\T1/lmr/m/n/10 (-20) 0.0556900418713654|  
 []


Overfull \hbox (2.83517pt too wide) in paragraph at lines 2723--2723
[]|\T1/lmr/m/n/10 (-20) 0.825166884446294|  
 []


Overfull \hbox (7.73517pt too wide) in paragraph at lines 2724--2724
[]|\T1/lmr/m/n/10 (-20) 0.0578258124902221|  
 []


Overfull \hbox (10.29561pt too wide) in paragraph at lines 2724--2725
[]|\T1/lmr/m/n/10 (-20) 6.54194873193439|  
 []


Overfull \hbox (2.83517pt too wide) in paragraph at lines 2725--2725
\T1/lmr/m/n/10 (-20) 0.154507395617288|  
 []


Overfull \hbox (10.29561pt too wide) in paragraph at lines 2726--2727
[]|\T1/lmr/m/n/10 (-20) 6.54158359529007|  
 []


Overfull \hbox (2.83517pt too wide) in paragraph at lines 2727--2727
[]|\T1/lmr/m/n/10 (-20) 0.463983911509056|  
 []


Overfull \hbox (2.83517pt too wide) in paragraph at lines 2728--2728
\T1/lmr/m/n/10 (-20) 0.497152984116524|  
 []


Overfull \hbox (10.29561pt too wide) in paragraph at lines 2728--2729
[]|\T1/lmr/m/n/10 (-20) 6.47029231884824|  
 []


Overfull \hbox (2.83517pt too wide) in paragraph at lines 2729--2729
\T1/lmr/m/n/10 (-20) 0.761213197150715|  
 []


Overfull \hbox (2.83517pt too wide) in paragraph at lines 2729--2730
[]|\T1/lmr/m/n/10 (-20) 0.434721320061082|  
 []


Overfull \hbox (10.29561pt too wide) in paragraph at lines 2730--2731
[]|\T1/lmr/m/n/10 (-20) 6.45284397889691|  
 []


Overfull \hbox (2.83517pt too wide) in paragraph at lines 2731--2731
\T1/lmr/m/n/10 (-20) 0.318184945297699|  
 []


Overfull \hbox (2.83517pt too wide) in paragraph at lines 2731--2732
\T1/lmr/m/n/10 (-20) 0.214146729777648|  
 []


Overfull \hbox (10.29561pt too wide) in paragraph at lines 2732--2733
[]|\T1/lmr/m/n/10 (-20) 6.41216620811829|  
 []


Overfull \hbox (2.83517pt too wide) in paragraph at lines 2733--2733
[]|\T1/lmr/m/n/10 (-20) 0.261295206361302|  
 []


Overfull \hbox (7.73517pt too wide) in paragraph at lines 2733--2733
[]|\T1/lmr/m/n/10 (-20) 0.0222632914678812|  
 []


Overfull \hbox (2.83517pt too wide) in paragraph at lines 2734--2734
[]|\T1/lmr/m/n/10 (-20) 0.309815134253958|  
 []


Overfull \hbox (10.29561pt too wide) in paragraph at lines 2734--2735
[]|\T1/lmr/m/n/10 (-20) 6.34258442621323|  
 []


Overfull \hbox (2.83517pt too wide) in paragraph at lines 2735--2735
\T1/lmr/m/n/10 (-20) 0.254235936234423|  
 []


Overfull \hbox (2.83517pt too wide) in paragraph at lines 2735--2736
\T1/lmr/m/n/10 (-20) 0.361420024072997|  
 []


Overfull \hbox (10.29561pt too wide) in paragraph at lines 2736--2737
[]|\T1/lmr/m/n/10 (-20) 6.33915094662447|  
 []


Overfull \hbox (2.83517pt too wide) in paragraph at lines 2737--2737
\T1/lmr/m/n/10 (-20) 0.230681978315425|  
 []


Overfull \hbox (2.83517pt too wide) in paragraph at lines 2737--2737
[]|\T1/lmr/m/n/10 (-20) 0.890142551239441|  
 []


Overfull \hbox (2.83517pt too wide) in paragraph at lines 2738--2738
\T1/lmr/m/n/10 (-20) 0.130399215517065|  
 []


Overfull \hbox (10.29561pt too wide) in paragraph at lines 2738--2739
[]|\T1/lmr/m/n/10 (-20) 6.30545371711673|  
 []


Overfull \hbox (2.83517pt too wide) in paragraph at lines 2739--2739
\T1/lmr/m/n/10 (-20) 0.212310974474888|  
 []


Overfull \hbox (2.83517pt too wide) in paragraph at lines 2739--2739
[]|\T1/lmr/m/n/10 (-20) 0.481067882602575|  
 []


Overfull \hbox (10.29561pt too wide) in paragraph at lines 2740--2741
[]|\T1/lmr/m/n/10 (-20) 6.26550225897116|  
 []


Overfull \hbox (2.83517pt too wide) in paragraph at lines 2741--2741
\T1/lmr/m/n/10 (-20) 0.020988972906134|  
 []


Overfull \hbox (7.73517pt too wide) in paragraph at lines 2741--2741
[]|\T1/lmr/m/n/10 (-20) 0.0794963705366553|  
 []


Overfull \hbox (10.29561pt too wide) in paragraph at lines 2742--2743
[]|\T1/lmr/m/n/10 (-20) 6.25225631730555|  
 []


Overfull \hbox (2.83517pt too wide) in paragraph at lines 2743--2743
\T1/lmr/m/n/10 (-20) 0.702726730057028|  
 []


Overfull \hbox (2.83517pt too wide) in paragraph at lines 2743--2744
\T1/lmr/m/n/10 (-20) 0.429563722077802|  
 []


Overfull \hbox (10.29561pt too wide) in paragraph at lines 2744--2745
[]|\T1/lmr/m/n/10 (-20) 6.23568007274605|  
 []


Overfull \hbox (2.83517pt too wide) in paragraph at lines 2745--2745
[]|\T1/lmr/m/n/10 (-20) 0.616427084895699|  
 []


Overfull \hbox (2.83517pt too wide) in paragraph at lines 2745--2745
[]|\T1/lmr/m/n/10 (-20) 0.192661268049054|  
 []


Overfull \hbox (2.83517pt too wide) in paragraph at lines 2746--2746
\T1/lmr/m/n/10 (-20) 0.402980876265132|  
 []


Overfull \hbox (5.39561pt too wide) in paragraph at lines 2746--2747
[]|\T1/lmr/m/n/10 (-20) 6.2344662609809|  
 []


Overfull \hbox (2.83517pt too wide) in paragraph at lines 2747--2747
\T1/lmr/m/n/10 (-20) 0.353636197413859|  
 []


Overfull \hbox (2.83517pt too wide) in paragraph at lines 2748--2748
\T1/lmr/m/n/10 (-20) 0.621169743295264|  
 []


Overfull \hbox (10.29561pt too wide) in paragraph at lines 2748--2749
[]|\T1/lmr/m/n/10 (-20) 6.21275003537582|  
 []


Overfull \hbox (2.83517pt too wide) in paragraph at lines 2749--2749
[]|\T1/lmr/m/n/10 (-20) 0.825748424241857|  
 []


Overfull \hbox (2.83517pt too wide) in paragraph at lines 2749--2749
\T1/lmr/m/n/10 (-20) 0.149908153403163|  
 []


Overfull \hbox (2.83517pt too wide) in paragraph at lines 2750--2750
\T1/lmr/m/n/10 (-20) 0.341833945197003|  
 []


Overfull \hbox (10.29561pt too wide) in paragraph at lines 2750--2751
[]|\T1/lmr/m/n/10 (-20) 6.19283864202027|  
 []


Overfull \hbox (2.83517pt too wide) in paragraph at lines 2751--2751
\T1/lmr/m/n/10 (-20) 0.568791980705873|  
 []


Overfull \hbox (2.83517pt too wide) in paragraph at lines 2752--2752
\T1/lmr/m/n/10 (-20) 0.397242061159765|  
 []


Overfull \hbox (10.29561pt too wide) in paragraph at lines 2752--2753
[]|\T1/lmr/m/n/10 (-20) 6.16526974374897|  
 []


Overfull \hbox (2.83517pt too wide) in paragraph at lines 2753--2753
[]|\T1/lmr/m/n/10 (-20) 0.284426689033389|  
 []


Overfull \hbox (2.83517pt too wide) in paragraph at lines 2753--2753
\T1/lmr/m/n/10 (-20) 0.238270543068625|  
 []


Overfull \hbox (2.83517pt too wide) in paragraph at lines 2753--2754
[]|\T1/lmr/m/n/10 (-20) 0.203430060672248|  
 []


Overfull \hbox (5.39561pt too wide) in paragraph at lines 2754--2755
[]|\T1/lmr/m/n/10 (-20) 6.1440986635879|  
 []


Overfull \hbox (2.83517pt too wide) in paragraph at lines 2755--2755
[]|\T1/lmr/m/n/10 (-20) 0.739215824230957|  
 []


Overfull \hbox (7.73517pt too wide) in paragraph at lines 2755--2755
\T1/lmr/m/n/10 (-20) 0.0604559744009513|  
 []


Overfull \hbox (2.83517pt too wide) in paragraph at lines 2756--2756
\T1/lmr/m/n/10 (-20) 0.429606049015432|  
 []


Overfull \hbox (10.29561pt too wide) in paragraph at lines 2756--2757
[]|\T1/lmr/m/n/10 (-20) 6.14384901396991|  
 []


Overfull \hbox (2.83517pt too wide) in paragraph at lines 2757--2758
[]|\T1/lmr/m/n/10 (-20) 0.298507933566705|  
 []


Overfull \hbox (10.29561pt too wide) in paragraph at lines 2758--2759
[]|\T1/lmr/m/n/10 (-20) 6.12251022501504|  
 []


Overfull \hbox (2.83517pt too wide) in paragraph at lines 2759--2759
\T1/lmr/m/n/10 (-20) 0.583012037334392|  
 []


Overfull \hbox (10.29561pt too wide) in paragraph at lines 2760--2761
[]|\T1/lmr/m/n/10 (-20) 6.12068078164906|  
 []


Overfull \hbox (2.83517pt too wide) in paragraph at lines 2761--2761
[]|\T1/lmr/m/n/10 (-20) 0.480906909073855|  
 []


Overfull \hbox (2.83517pt too wide) in paragraph at lines 2761--2761
[]|\T1/lmr/m/n/10 (-20) 0.162386487353885|  
 []


Overfull \hbox (2.83517pt too wide) in paragraph at lines 2762--2762
\T1/lmr/m/n/10 (-20) 0.498621178270454|  
 []


Overfull \hbox (10.29561pt too wide) in paragraph at lines 2762--2763
[]|\T1/lmr/m/n/10 (-20) 6.08352654409737|  
 []


Overfull \hbox (2.83517pt too wide) in paragraph at lines 2763--2763
[]|\T1/lmr/m/n/10 (-20) 0.228432522242611|  
 []


Overfull \hbox (2.83517pt too wide) in paragraph at lines 2763--2763
[]|\T1/lmr/m/n/10 (-20) 0.160347640670535|  
 []


Overfull \hbox (2.83517pt too wide) in paragraph at lines 2764--2764
\T1/lmr/m/n/10 (-20) 0.293321427199367|  
 []


Overfull \hbox (10.29561pt too wide) in paragraph at lines 2764--2765
[]|\T1/lmr/m/n/10 (-20) 6.05511312676085|  
 []


Overfull \hbox (2.83517pt too wide) in paragraph at lines 2765--2766
\T1/lmr/m/n/10 (-20) 0.491090703679459|  
 []


Overfull \hbox (10.29561pt too wide) in paragraph at lines 2766--2767
[]|\T1/lmr/m/n/10 (-20) 6.05022597695785|  
 []


Overfull \hbox (7.73517pt too wide) in paragraph at lines 2767--2767
[]|\T1/lmr/m/n/10 (-20) 0.0188045502388962|  
 []


Overfull \hbox (2.83517pt too wide) in paragraph at lines 2767--2767
[]|\T1/lmr/m/n/10 (-20) 0.404980940352436|  
 []


Overfull \hbox (2.83517pt too wide) in paragraph at lines 2768--2768
\T1/lmr/m/n/10 (-20) 0.358552305942571|  
 []


Overfull \hbox (10.29561pt too wide) in paragraph at lines 2768--2769
[]|\T1/lmr/m/n/10 (-20) 6.03766239671706|  
 []


Overfull \hbox (2.83517pt too wide) in paragraph at lines 2769--2769
\T1/lmr/m/n/10 (-20) 0.815235506932938|  
 []


Overfull \hbox (2.83517pt too wide) in paragraph at lines 2770--2770
\T1/lmr/m/n/10 (-20) 0.278860081107695|  
 []


Overfull \hbox (10.29561pt too wide) in paragraph at lines 2770--2771
[]|\T1/lmr/m/n/10 (-20) 6.02731364730992|  
 []


Overfull \hbox (2.83517pt too wide) in paragraph at lines 2771--2771
\T1/lmr/m/n/10 (-20) 0.542333168590085|  
 []


Overfull \hbox (10.29561pt too wide) in paragraph at lines 2772--2773
[]|\T1/lmr/m/n/10 (-20) 6.00656752773884|  
 []


Overfull \hbox (10.29561pt too wide) in paragraph at lines 2774--2775
[]|\T1/lmr/m/n/10 (-20) 5.99995941858293|  
 []


Overfull \hbox (2.83517pt too wide) in paragraph at lines 2775--2775
[]|\T1/lmr/m/n/10 (-20) 0.649557842277622|  
 []


Overfull \hbox (2.83517pt too wide) in paragraph at lines 2775--2775
\T1/lmr/m/n/10 (-20) 0.574898007140004|  
 []


Overfull \hbox (2.83517pt too wide) in paragraph at lines 2776--2776
\T1/lmr/m/n/10 (-20) 0.135049269306748|  
 []


Overfull \hbox (10.29561pt too wide) in paragraph at lines 2776--2777
[]|\T1/lmr/m/n/10 (-20) 5.96513414392624|  
 []


Overfull \hbox (2.83517pt too wide) in paragraph at lines 2777--2777
[]|\T1/lmr/m/n/10 (-20) 0.736907359694961|  
 []


Overfull \hbox (2.83517pt too wide) in paragraph at lines 2777--2777
\T1/lmr/m/n/10 (-20) 0.326393321699047|  
 []


Overfull \hbox (2.83517pt too wide) in paragraph at lines 2778--2778
\T1/lmr/m/n/10 (-20) 0.472796359541553|  
 []


Overfull \hbox (10.29561pt too wide) in paragraph at lines 2778--2779
[]|\T1/lmr/m/n/10 (-20) 5.96404128488987|  
 []


Overfull \hbox (2.83517pt too wide) in paragraph at lines 2779--2779
\T1/lmr/m/n/10 (-20) 0.417048119115766|  
 []


Overfull \hbox (2.83517pt too wide) in paragraph at lines 2779--2779
[]|\T1/lmr/m/n/10 (-20) 0.948712102180175|  
 []


Overfull \hbox (10.29561pt too wide) in paragraph at lines 2780--2781
[]|\T1/lmr/m/n/10 (-20) 5.95871752443536|  
 []


Overfull \hbox (2.83517pt too wide) in paragraph at lines 2781--2781
[]|\T1/lmr/m/n/10 (-20) 0.290491343696053|  
 []


Overfull \hbox (2.83517pt too wide) in paragraph at lines 2781--2781
\T1/lmr/m/n/10 (-20) 0.766245062205679|  
 []


Overfull \hbox (2.83517pt too wide) in paragraph at lines 2781--2782
[]|\T1/lmr/m/n/10 (-20) 0.302504402919265|  
 []


Overfull \hbox (10.29561pt too wide) in paragraph at lines 2782--2783
[]|\T1/lmr/m/n/10 (-20) 5.89997446100699|  
 []


Overfull \hbox (2.83517pt too wide) in paragraph at lines 2783--2783
\T1/lmr/m/n/10 (-20) 0.413306343062347|  
 []


Overfull \hbox (2.83517pt too wide) in paragraph at lines 2783--2783
[]|\T1/lmr/m/n/10 (-20) 0.625354137558255|  
 []


Overfull \hbox (2.83517pt too wide) in paragraph at lines 2784--2784
\T1/lmr/m/n/10 (-20) 0.394398087837314|  
 []


Overfull \hbox (10.29561pt too wide) in paragraph at lines 2784--2785
[]|\T1/lmr/m/n/10 (-20) 5.89472000905253|  
 []


Overfull \hbox (2.83517pt too wide) in paragraph at lines 2785--2785
\T1/lmr/m/n/10 (-20) 0.046965267336914|  
 []


Overfull \hbox (2.83517pt too wide) in paragraph at lines 2785--2785
\T1/lmr/m/n/10 (-20) 0.310233540009712|  
 []


Overfull \hbox (7.73517pt too wide) in paragraph at lines 2786--2786
[]|\T1/lmr/m/n/10 (-20) 0.0443815363501839|  
 []


Overfull \hbox (10.29561pt too wide) in paragraph at lines 2786--2787
[]|\T1/lmr/m/n/10 (-20) 5.81939486438304|  
 []


Overfull \hbox (2.83517pt too wide) in paragraph at lines 2787--2787
\T1/lmr/m/n/10 (-20) 0.421166251045208|  
 []


Overfull \hbox (2.83517pt too wide) in paragraph at lines 2787--2787
[]|\T1/lmr/m/n/10 (-20) 0.426491891449053|  
 []


Overfull \hbox (2.83517pt too wide) in paragraph at lines 2788--2788
\T1/lmr/m/n/10 (-20) 0.365189578024546|  
 []


Overfull \hbox (10.29561pt too wide) in paragraph at lines 2788--2789
[]|\T1/lmr/m/n/10 (-20) 5.79223245874305|  
 []


Overfull \hbox (2.83517pt too wide) in paragraph at lines 2789--2789
\T1/lmr/m/n/10 (-20) 0.388803880826196|  
 []


Overfull \hbox (7.73517pt too wide) in paragraph at lines 2789--2789
[]|\T1/lmr/m/n/10 (-20) 0.0446176074823437|  
 []


Overfull \hbox (7.73517pt too wide) in paragraph at lines 2790--2790
\T1/lmr/m/n/10 (-20) 0.0266419245689672|  
 []


Overfull \hbox (10.29561pt too wide) in paragraph at lines 2790--2791
[]|\T1/lmr/m/n/10 (-20) 5.78590224011193|  
 []


Overfull \hbox (2.83517pt too wide) in paragraph at lines 2791--2791
\T1/lmr/m/n/10 (-20) 0.829373981659527|  
 []


Overfull \hbox (10.29561pt too wide) in paragraph at lines 2792--2793
[]|\T1/lmr/m/n/10 (-20) 5.76219138881148|  
 []


Overfull \hbox (2.83517pt too wide) in paragraph at lines 2793--2793
\T1/lmr/m/n/10 (-20) 0.495436678668206|  
 []


Overfull \hbox (2.83517pt too wide) in paragraph at lines 2793--2793
[]|\T1/lmr/m/n/10 (-20) 0.475780572080893|  
 []


Overfull \hbox (2.83517pt too wide) in paragraph at lines 2794--2794
\T1/lmr/m/n/10 (-20) 0.419398462183851|  
 []


Overfull \hbox (10.29561pt too wide) in paragraph at lines 2794--2795
[]|\T1/lmr/m/n/10 (-20) 5.74651172653103|  
 []


Overfull \hbox (2.83517pt too wide) in paragraph at lines 2795--2795
\T1/lmr/m/n/10 (-20) 0.408340380917971|  
 []


Overfull \hbox (2.83517pt too wide) in paragraph at lines 2795--2795
[]|\T1/lmr/m/n/10 (-20) 0.327213664784242|  
 []


Overfull \hbox (2.83517pt too wide) in paragraph at lines 2796--2796
\T1/lmr/m/n/10 (-20) 0.391377052951583|  
 []


Overfull \hbox (10.29561pt too wide) in paragraph at lines 2796--2797
[]|\T1/lmr/m/n/10 (-20) 5.72719982172548|  
 []


Overfull \hbox (7.73517pt too wide) in paragraph at lines 2797--2798
[]|\T1/lmr/m/n/10 (-20) 0.0722126671124708|  
 []


Overfull \hbox (10.29561pt too wide) in paragraph at lines 2798--2799
[]|\T1/lmr/m/n/10 (-20) 5.72463220194563|  
 []


Overfull \hbox (2.83517pt too wide) in paragraph at lines 2799--2799
[]|\T1/lmr/m/n/10 (-20) 0.675437279487066|  
 []


Overfull \hbox (2.83517pt too wide) in paragraph at lines 2799--2799
\T1/lmr/m/n/10 (-20) 0.760784107234099|  
 []


Overfull \hbox (2.83517pt too wide) in paragraph at lines 2800--2800
\T1/lmr/m/n/10 (-20) 0.455333716349025|  
 []


Overfull \hbox (10.29561pt too wide) in paragraph at lines 2800--2801
[]|\T1/lmr/m/n/10 (-20) 5.68783794232055|  
 []


Overfull \hbox (2.83517pt too wide) in paragraph at lines 2802--2802
\T1/lmr/m/n/10 (-20) 0.540472031805629|  
 []


Overfull \hbox (10.29561pt too wide) in paragraph at lines 2802--2803
[]|\T1/lmr/m/n/10 (-20) 5.66733958750794|  
 []


Overfull \hbox (2.83517pt too wide) in paragraph at lines 2803--2803
\T1/lmr/m/n/10 (-20) 0.422129520169635|  
 []


Overfull \hbox (2.83517pt too wide) in paragraph at lines 2803--2803
\T1/lmr/m/n/10 (-20) 0.961955088151895|  
 []


Overfull \hbox (2.83517pt too wide) in paragraph at lines 2804--2804
[]|\T1/lmr/m/n/10 (-20) 0.779477049637655|  
 []


Overfull \hbox (10.29561pt too wide) in paragraph at lines 2804--2805
[]|\T1/lmr/m/n/10 (-20) 5.65092966323978|  
 []


Overfull \hbox (2.83517pt too wide) in paragraph at lines 2805--2805
[]|\T1/lmr/m/n/10 (-20) 0.123359148738733|  
 []


Overfull \hbox (10.29561pt too wide) in paragraph at lines 2806--2807
[]|\T1/lmr/m/n/10 (-20) 5.61765360673828|  
 []


Overfull \hbox (2.83517pt too wide) in paragraph at lines 2807--2807
[]|\T1/lmr/m/n/10 (-20) 0.547329087101924|  
 []


Overfull \hbox (2.83517pt too wide) in paragraph at lines 2807--2807
\T1/lmr/m/n/10 (-20) 0.888024415026333|  
 []


Overfull \hbox (2.83517pt too wide) in paragraph at lines 2808--2808
\T1/lmr/m/n/10 (-20) 0.359539643182926|  
 []


Overfull \hbox (10.29561pt too wide) in paragraph at lines 2808--2809
[]|\T1/lmr/m/n/10 (-20) 5.59571915093519|  
 []


Overfull \hbox (7.73517pt too wide) in paragraph at lines 2809--2809
\T1/lmr/m/n/10 (-20) 0.0412775163037934|  
 []


Overfull \hbox (2.83517pt too wide) in paragraph at lines 2810--2810
\T1/lmr/m/n/10 (-20) 0.290326086322896|  
 []


Overfull \hbox (10.29561pt too wide) in paragraph at lines 2810--2811
[]|\T1/lmr/m/n/10 (-20) 5.54432639712535|  
 []


Overfull \hbox (2.83517pt too wide) in paragraph at lines 2811--2812
\T1/lmr/m/n/10 (-20) 0.820121566028948|  
 []


Overfull \hbox (10.29561pt too wide) in paragraph at lines 2812--2813
[]|\T1/lmr/m/n/10 (-20) 5.53740874306172|  
 []


Overfull \hbox (2.83517pt too wide) in paragraph at lines 2813--2813
[]|\T1/lmr/m/n/10 (-20) 0.143472593618739|  
 []


Overfull \hbox (2.83517pt too wide) in paragraph at lines 2813--2813
\T1/lmr/m/n/10 (-20) 0.922005360643163|  
 []


Overfull \hbox (7.73517pt too wide) in paragraph at lines 2814--2814
\T1/lmr/m/n/10 (-20) 0.0508136562640439|  
 []


Overfull \hbox (10.29561pt too wide) in paragraph at lines 2814--2815
[]|\T1/lmr/m/n/10 (-20) 5.52117661926295|  
 []


Overfull \hbox (2.83517pt too wide) in paragraph at lines 2815--2815
\T1/lmr/m/n/10 (-20) 0.409040333793696|  
 []


Overfull \hbox (2.83517pt too wide) in paragraph at lines 2816--2816
\T1/lmr/m/n/10 (-20) 0.329492687018007|  
 []


Overfull \hbox (10.29561pt too wide) in paragraph at lines 2816--2817
[]|\T1/lmr/m/n/10 (-20) 5.51043920217015|  
 []


Overfull \hbox (2.83517pt too wide) in paragraph at lines 2818--2818
\T1/lmr/m/n/10 (-20) 0.497167892106221|  
 []


Overfull \hbox (10.29561pt too wide) in paragraph at lines 2818--2819
[]|\T1/lmr/m/n/10 (-20) 5.50394991753296|  
 []


Overfull \hbox (7.73517pt too wide) in paragraph at lines 2819--2819
\T1/lmr/m/n/10 (-20) 0.0791843924932163|  
 []


Overfull \hbox (2.83517pt too wide) in paragraph at lines 2819--2819
\T1/lmr/m/n/10 (-20) 0.407902799679268|  
 []


Overfull \hbox (2.83517pt too wide) in paragraph at lines 2820--2820
\T1/lmr/m/n/10 (-20) 0.397408234931617|  
 []


Overfull \hbox (10.29561pt too wide) in paragraph at lines 2820--2821
[]|\T1/lmr/m/n/10 (-20) 5.48933632706445|  
 []


Overfull \hbox (2.83517pt too wide) in paragraph at lines 2821--2822
\T1/lmr/m/n/10 (-20) 0.469710361839547|  
 []


Overfull \hbox (10.29561pt too wide) in paragraph at lines 2822--2823
[]|\T1/lmr/m/n/10 (-20) 5.38940942414376|  
 []


Overfull \hbox (2.83517pt too wide) in paragraph at lines 2823--2823
\T1/lmr/m/n/10 (-20) 0.467530338285621|  
 []


Overfull \hbox (2.83517pt too wide) in paragraph at lines 2823--2823
\T1/lmr/m/n/10 (-20) 0.173982743107783|  
 []


Overfull \hbox (2.83517pt too wide) in paragraph at lines 2824--2824
\T1/lmr/m/n/10 (-20) 0.424471517463834|  
 []


Overfull \hbox (10.29561pt too wide) in paragraph at lines 2824--2825
[]|\T1/lmr/m/n/10 (-20) 5.38455350489778|  
 []


Overfull \hbox (2.83517pt too wide) in paragraph at lines 2825--2825
\T1/lmr/m/n/10 (-20) 0.587056807039982|  
 []


Overfull \hbox (2.83517pt too wide) in paragraph at lines 2825--2825
\T1/lmr/m/n/10 (-20) 0.692916555320053|  
 []


Overfull \hbox (10.29561pt too wide) in paragraph at lines 2826--2827
[]|\T1/lmr/m/n/10 (-20) 5.35554540429112|  
 []


Overfull \hbox (2.83517pt too wide) in paragraph at lines 2827--2827
\T1/lmr/m/n/10 (-20) 0.993635012211149|  
 []


Overfull \hbox (2.83517pt too wide) in paragraph at lines 2827--2827
[]|\T1/lmr/m/n/10 (-20) 0.302997162576262|  
 []


Overfull \hbox (2.83517pt too wide) in paragraph at lines 2828--2828
\T1/lmr/m/n/10 (-20) 0.453534448547303|  
 []


Overfull \hbox (5.39561pt too wide) in paragraph at lines 2828--2829
[]|\T1/lmr/m/n/10 (-20) 5.3394118156452|  
 []


Overfull \hbox (7.73517pt too wide) in paragraph at lines 2829--2829
[]|\T1/lmr/m/n/10 (-20) 0.0286841444645866|  
 []


Overfull \hbox (2.83517pt too wide) in paragraph at lines 2829--2829
\T1/lmr/m/n/10 (-20) 0.462147609267745|  
 []


Overfull \hbox (2.83517pt too wide) in paragraph at lines 2830--2830
\T1/lmr/m/n/10 (-20) 0.726426758028667|  
 []


Overfull \hbox (10.29561pt too wide) in paragraph at lines 2830--2831
[]|\T1/lmr/m/n/10 (-20) 5.33033706761763|  
 []


Overfull \hbox (2.83517pt too wide) in paragraph at lines 2831--2831
\T1/lmr/m/n/10 (-20) 0.666548775012014|  
 []


Overfull \hbox (2.83517pt too wide) in paragraph at lines 2831--2831
\T1/lmr/m/n/10 (-20) 0.154025112725514|  
 []


Overfull \hbox (2.83517pt too wide) in paragraph at lines 2832--2832
\T1/lmr/m/n/10 (-20) 0.398496956876748|  
 []


Overfull \hbox (10.29561pt too wide) in paragraph at lines 2832--2833
[]|\T1/lmr/m/n/10 (-20) 5.29616911970072|  
 []


Overfull \hbox (2.83517pt too wide) in paragraph at lines 2833--2833
[]|\T1/lmr/m/n/10 (-20) 0.329268894887341|  
 []


Overfull \hbox (2.83517pt too wide) in paragraph at lines 2833--2834
\T1/lmr/m/n/10 (-20) 0.499624410042643|  
 []


Overfull \hbox (10.29561pt too wide) in paragraph at lines 2834--2835
[]|\T1/lmr/m/n/10 (-20) 5.28230840376417|  
 []


Overfull \hbox (2.83517pt too wide) in paragraph at lines 2835--2835
\T1/lmr/m/n/10 (-20) 0.896485031435887|  
 []


Overfull \hbox (2.83517pt too wide) in paragraph at lines 2835--2835
\T1/lmr/m/n/10 (-20) 0.986028938455264|  
 []


Overfull \hbox (2.83517pt too wide) in paragraph at lines 2836--2836
[]|\T1/lmr/m/n/10 (-20) 0.530467068455036|  
 []


Overfull \hbox (10.29561pt too wide) in paragraph at lines 2836--2837
[]|\T1/lmr/m/n/10 (-20) 5.21939535749886|  
 []


Overfull \hbox (2.83517pt too wide) in paragraph at lines 2837--2837
\T1/lmr/m/n/10 (-20) 0.572606759431943|  
 []


Overfull \hbox (7.73517pt too wide) in paragraph at lines 2837--2837
\T1/lmr/m/n/10 (-20) 0.0486268938698163|  
 []


Overfull \hbox (2.83517pt too wide) in paragraph at lines 2838--2838
\T1/lmr/m/n/10 (-20) 0.738298158031587|  
 []


Overfull \hbox (10.29561pt too wide) in paragraph at lines 2838--2839
[]|\T1/lmr/m/n/10 (-20) 5.21507394275483|  
 []


Overfull \hbox (2.83517pt too wide) in paragraph at lines 2839--2839
[]|\T1/lmr/m/n/10 (-20) 0.699114687755676|  
 []


Overfull \hbox (2.83517pt too wide) in paragraph at lines 2840--2840
\T1/lmr/m/n/10 (-20) 0.529805301084057|  
 []


Overfull \hbox (10.29561pt too wide) in paragraph at lines 2840--2841
[]|\T1/lmr/m/n/10 (-20) 5.14600722236599|  
 []


Overfull \hbox (2.83517pt too wide) in paragraph at lines 2842--2842
\T1/lmr/m/n/10 (-20) 0.523831318336449|  
 []


Overfull \hbox (10.29561pt too wide) in paragraph at lines 2842--2843
[]|\T1/lmr/m/n/10 (-20) 5.12721926150235|  
 []


Overfull \hbox (2.83517pt too wide) in paragraph at lines 2843--2843
[]|\T1/lmr/m/n/10 (-20) 0.283468534454424|  
 []


Overfull \hbox (2.83517pt too wide) in paragraph at lines 2843--2844
\T1/lmr/m/n/10 (-20) 0.682284546298585|  
 []


Overfull \hbox (10.29561pt too wide) in paragraph at lines 2844--2845
[]|\T1/lmr/m/n/10 (-20) 5.08471474068724|  
 []


Overfull \hbox (2.83517pt too wide) in paragraph at lines 2845--2845
[]|\T1/lmr/m/n/10 (-20) 0.219303760096153|  
 []


Overfull \hbox (2.83517pt too wide) in paragraph at lines 2846--2846
\T1/lmr/m/n/10 (-20) 0.388142503622768|  
 []


Overfull \hbox (10.29561pt too wide) in paragraph at lines 2846--2847
[]|\T1/lmr/m/n/10 (-20) 5.00229163450861|  
 []


Overfull \hbox (7.73517pt too wide) in paragraph at lines 2847--2847
[]|\T1/lmr/m/n/10 (-20) 0.0748394178067127|  
 []


Overfull \hbox (2.83517pt too wide) in paragraph at lines 2848--2848
\T1/lmr/m/n/10 (-20) 0.549147628324055|  
 []


Overfull \hbox (10.29561pt too wide) in paragraph at lines 2848--2849
[]|\T1/lmr/m/n/10 (-20) 4.93082273847484|  
 []


Overfull \hbox (7.73517pt too wide) in paragraph at lines 2849--2849
\T1/lmr/m/n/10 (-20) 0.0075365771625013|  
 []


Overfull \hbox (2.83517pt too wide) in paragraph at lines 2850--2850
\T1/lmr/m/n/10 (-20) 0.588891224662176|  
 []


Overfull \hbox (5.39561pt too wide) in paragraph at lines 2850--2851
[]|\T1/lmr/m/n/10 (-20) 4.8242435505614|  
 []


Overfull \hbox (2.83517pt too wide) in paragraph at lines 2851--2851
\T1/lmr/m/n/10 (-20) 0.543391921670069|  
 []


Overfull \hbox (2.83517pt too wide) in paragraph at lines 2852--2852
\T1/lmr/m/n/10 (-20) 0.403891411451548|  
 []


Overfull \hbox (10.29561pt too wide) in paragraph at lines 2852--2853
[]|\T1/lmr/m/n/10 (-20) 4.79726546363867|  
 []


Overfull \hbox (5.39561pt too wide) in paragraph at lines 2854--2855
[]|\T1/lmr/m/n/10 (-20) 4.7888579270656|  
 []


Overfull \hbox (2.83517pt too wide) in paragraph at lines 2855--2855
\T1/lmr/m/n/10 (-20) 0.975601019517402|  
 []


Overfull \hbox (2.83517pt too wide) in paragraph at lines 2855--2855
\T1/lmr/m/n/10 (-20) 0.814269752251668|  
 []


Overfull \hbox (10.29561pt too wide) in paragraph at lines 2856--2857
[]|\T1/lmr/m/n/10 (-20) 4.71854270757795|  
 []


Overfull \hbox (2.83517pt too wide) in paragraph at lines 2857--2857
\T1/lmr/m/n/10 (-20) 0.469298322378844|  
 []


Overfull \hbox (2.83517pt too wide) in paragraph at lines 2858--2858
\T1/lmr/m/n/10 (-20) 0.410951358930065|  
 []


Overfull \hbox (10.29561pt too wide) in paragraph at lines 2858--2859
[]|\T1/lmr/m/n/10 (-20) 4.65231258787168|  
 []


Overfull \hbox (2.83517pt too wide) in paragraph at lines 2859--2859
\T1/lmr/m/n/10 (-20) 0.894380102058997|  
 []


Overfull \hbox (2.83517pt too wide) in paragraph at lines 2859--2859
\T1/lmr/m/n/10 (-20) 0.938963444893284|  
 []


Overfull \hbox (2.83517pt too wide) in paragraph at lines 2860--2860
\T1/lmr/m/n/10 (-20) 0.514812477524465|  
 []


Overfull \hbox (10.29561pt too wide) in paragraph at lines 2860--2861
[]|\T1/lmr/m/n/10 (-20) 4.64429148716911|  
 []


Overfull \hbox (2.83517pt too wide) in paragraph at lines 2861--2861
\T1/lmr/m/n/10 (-20) 0.870269836845964|  
 []


Overfull \hbox (10.29561pt too wide) in paragraph at lines 2862--2863
[]|\T1/lmr/m/n/10 (-20) 4.52334339884162|  
 []


Overfull \hbox (2.83517pt too wide) in paragraph at lines 2864--2864
\T1/lmr/m/n/10 (-20) 0.533409223943018|  
 []


Overfull \hbox (10.29561pt too wide) in paragraph at lines 2864--2865
[]|\T1/lmr/m/n/10 (-20) 4.52006979827028|  
 []


Overfull \hbox (2.83517pt too wide) in paragraph at lines 2865--2865
\T1/lmr/m/n/10 (-20) 0.913040224827519|  
 []


Overfull \hbox (2.83517pt too wide) in paragraph at lines 2866--2866
\T1/lmr/m/n/10 (-20) 0.671155198601142|  
 []


Overfull \hbox (10.29561pt too wide) in paragraph at lines 2866--2867
[]|\T1/lmr/m/n/10 (-20) 4.48453819148116|  
 []


Overfull \hbox (2.83517pt too wide) in paragraph at lines 2867--2867
\T1/lmr/m/n/10 (-20) 0.530044372032459|  
 []


Overfull \hbox (2.83517pt too wide) in paragraph at lines 2867--2868
[]|\T1/lmr/m/n/10 (-20) 0.011731296050096|  
 []


Overfull \hbox (10.29561pt too wide) in paragraph at lines 2868--2869
[]|\T1/lmr/m/n/10 (-20) 4.48173708921092|  
 []


Overfull \hbox (2.83517pt too wide) in paragraph at lines 2869--2869
\T1/lmr/m/n/10 (-20) 0.761914749026763|  
 []


Overfull \hbox (2.83517pt too wide) in paragraph at lines 2869--2870
\T1/lmr/m/n/10 (-20) 0.639517230684647|  
 []


Overfull \hbox (10.29561pt too wide) in paragraph at lines 2870--2871
[]|\T1/lmr/m/n/10 (-20) 4.43088086788711|  
 []


Overfull \hbox (2.83517pt too wide) in paragraph at lines 2871--2871
\T1/lmr/m/n/10 (-20) 0.254883588637042|  
 []


Overfull \hbox (2.83517pt too wide) in paragraph at lines 2872--2872
\T1/lmr/m/n/10 (-20) 0.280923615924885|  
 []


Overfull \hbox (10.29561pt too wide) in paragraph at lines 2872--2873
[]|\T1/lmr/m/n/10 (-20) 4.37699373661249|  
 []


Overfull \hbox (2.83517pt too wide) in paragraph at lines 2873--2873
\T1/lmr/m/n/10 (-20) 0.722707392436674|  
 []


Overfull \hbox (10.29561pt too wide) in paragraph at lines 2874--2875
[]|\T1/lmr/m/n/10 (-20) 4.21133491567448|  
 []


Overfull \hbox (2.83517pt too wide) in paragraph at lines 2876--2876
\T1/lmr/m/n/10 (-20) 0.497374235160513|  
 []


Overfull \hbox (10.29561pt too wide) in paragraph at lines 2876--2877
[]|\T1/lmr/m/n/10 (-20) 4.11921400172022|  
 []

[32] [33] [34] [35] [36]
LaTeX Font Info:    Font shape `T1/lmtt/bx/n' in size <10> not available
(Font)              Font shape `T1/lmtt/b/n' tried instead on input line 2901.
[37] [38] [39] [40]
Underfull \vbox (badness 10000) detected at line 3172
 []


Underfull \vbox (badness 10000) detected at line 3172
 []

[41] [42]
Underfull \vbox (badness 10000) detected at line 3270
 []


Underfull \vbox (badness 10000) detected at line 3270
 []

[43] [44]
Underfull \vbox (badness 10000) detected at line 3456
 []


Underfull \vbox (badness 10000) detected at line 3456
 []

[45]
Underfull \vbox (badness 10000) detected at line 3456
 []


Underfull \vbox (badness 10000) detected at line 3456
 []

[46]
Underfull \vbox (badness 10000) detected at line 3456
 []


Underfull \vbox (badness 10000) detected at line 3456
 []

[47] [48] [49]
Underfull \vbox (badness 10000) detected at line 3707
 []


Underfull \vbox (badness 10000) detected at line 3707
 []

[50]
Underfull \vbox (badness 10000) detected at line 3707
 []


Underfull \vbox (badness 10000) detected at line 3707
 []

[51]
Underfull \vbox (badness 10000) detected at line 3707
 []


Underfull \vbox (badness 10000) detected at line 3707
 []

[52] [53] [54]
Underfull \vbox (badness 10000) detected at line 3878
 []


Underfull \vbox (badness 10000) detected at line 3878
 []

[55] [56]
Underfull \vbox (badness 10000) detected at line 3983
 []


Underfull \vbox (badness 10000) detected at line 3983
 []

[57] [58]
Underfull \vbox (badness 10000) detected at line 4077
 []


Underfull \vbox (badness 10000) detected at line 4077
 []

[59] [60]
Underfull \vbox (badness 10000) detected at line 4293
 []


Underfull \vbox (badness 10000) detected at line 4293
 []

[61]
Underfull \vbox (badness 10000) detected at line 4293
 []


Underfull \vbox (badness 10000) detected at line 4293
 []

[62]
Underfull \vbox (badness 10000) detected at line 4293
 []


Underfull \vbox (badness 10000) detected at line 4293
 []

[63] [64]
Underfull \vbox (badness 10000) detected at line 4539
 []


Underfull \vbox (badness 10000) detected at line 4539
 []

[65]
Underfull \vbox (badness 10000) detected at line 4539
 []


Underfull \vbox (badness 10000) detected at line 4539
 []

[66]
Underfull \vbox (badness 10000) detected at line 4539
 []


Underfull \vbox (badness 10000) detected at line 4539
 []

[67]
Underfull \vbox (badness 10000) detected at line 4539
 []


Underfull \vbox (badness 10000) detected at line 4539
 []

[68]
Underfull \vbox (badness 10000) detected at line 4539
 []


Underfull \vbox (badness 10000) detected at line 4539
 []

[69] [70] [71]
pdfTeX warning (ext4): destination with the same identifier (name{subdet_obra_basica}) has been already used, duplicate ignored
<to be read again> 
                   \relax 
l.4658 ...rotect\hypertarget{subdet_obra_basica}{}
                                                  {clique [72]
Underfull \vbox (badness 10000) detected at line 4817
 []


Underfull \vbox (badness 10000) detected at line 4817
 []

[73]
Underfull \vbox (badness 10000) detected at line 4817
 []


Underfull \vbox (badness 10000) detected at line 4817
 []

[74]
pdfTeX warning (ext4): destination with the same identifier (name{subdet_obra_qualificada}) has been already used, duplicate ignored
<to be read again> 
                   \relax 
l.4830 ...t\hypertarget{subdet_obra_qualificada}{}
                                                  {clique aqui} [75]
Underfull \vbox (badness 10000) detected at line 4920
 []


Underfull \vbox (badness 10000) detected at line 4920
 []

[76] [77] [78]

LaTeX Font Warning: Font shape `T1/lmtt/bx/it' in size <10> not available
(Font)              Font shape `T1/lmtt/b/sl' tried instead on input line 5078.

[79]
Underfull \vbox (badness 10000) detected at line 5127
 []


Underfull \vbox (badness 10000) detected at line 5127
 []

[80] [81]
Underfull \vbox (badness 10000) detected at line 5219
 []


Underfull \vbox (badness 10000) detected at line 5219
 []

[82] [83] (./Relatório-ICE-23.aux) ) 
Here is how much of TeX's memory you used:
 15899 strings out of 477035
 258363 string characters out of 5826726
 810214 words of memory out of 5000000
 36183 multiletter control sequences out of 15000+600000
 541796 words of font info for 157 fonts, out of 8000000 for 9000
 14 hyphenation exceptions out of 8191
 86i,8n,91p,1014b,615s stack positions out of 10000i,1000n,20000p,200000b,200000s

pdfTeX warning (dest): name{Hfootnote.2} has been referenced but does not exist, replaced by a fixed one


pdfTeX warning (dest): name{Hfootnote.1} has been referenced but does not exist, replaced by a fixed one

{c:/Users/vitor/AppData/Roaming/TinyTeX/texmf-dist/fonts/enc/dvips/lm/lm-ec.enc}{c:/Users/vitor/AppData/Roaming/TinyTeX/texmf-dist/fonts/enc/dvips/lm/lm-ts1.enc}{c:/Users/vitor/AppData/Roaming/TinyTeX/texmf-dist/fonts/enc/dvips/lm/lm-mathsy.enc}{c:/Users/vitor/AppData/Roaming/TinyTeX/texmf-dist/fonts/enc/dvips/lm/lm-mathit.enc}{c:/Users/vitor/AppData/Roaming/TinyTeX/texmf-dist/fonts/enc/dvips/lm/lm-rm.enc}{c:/Users/vitor/AppData/Roaming/TinyTeX/texmf-dist/fonts/enc/dvips/lm/lm-mathex.enc}<c:/Users/vitor/AppData/Roaming/TinyTeX/texmf-dist/fonts/type1/public/lm/lmbx10.pfb><c:/Users/vitor/AppData/Roaming/TinyTeX/texmf-dist/fonts/type1/public/lm/lmbx12.pfb><c:/Users/vitor/AppData/Roaming/TinyTeX/texmf-dist/fonts/type1/public/lm/lmex10.pfb><c:/Users/vitor/AppData/Roaming/TinyTeX/texmf-dist/fonts/type1/public/lm/lmmi10.pfb><c:/Users/vitor/AppData/Roaming/TinyTeX/texmf-dist/fonts/type1/public/lm/lmmi7.pfb><c:/Users/vitor/AppData/Roaming/TinyTeX/texmf-dist/fonts/type1/public/lm/lmr10.pfb><c:/Users/vitor/AppData/Roaming/TinyTeX/texmf-dist/fonts/type1/public/lm/lmr12.pfb><c:/Users/vitor/AppData/Roaming/TinyTeX/texmf-dist/fonts/type1/public/lm/lmr17.pfb><c:/Users/vitor/AppData/Roaming/TinyTeX/texmf-dist/fonts/type1/public/lm/lmr6.pfb><c:/Users/vitor/AppData/Roaming/TinyTeX/texmf-dist/fonts/type1/public/lm/lmr7.pfb><c:/Users/vitor/AppData/Roaming/TinyTeX/texmf-dist/fonts/type1/public/lm/lmr8.pfb><c:/Users/vitor/AppData/Roaming/TinyTeX/texmf-dist/fonts/type1/public/lm/lmri10.pfb><c:/Users/vitor/AppData/Roaming/TinyTeX/texmf-dist/fonts/type1/public/lm/lmri8.pfb><c:/Users/vitor/AppData/Roaming/TinyTeX/texmf-dist/fonts/type1/public/lm/lmsy10.pfb><c:/Users/vitor/AppData/Roaming/TinyTeX/texmf-dist/fonts/type1/public/lm/lmsy7.pfb><c:/Users/vitor/AppData/Roaming/TinyTeX/texmf-dist/fonts/type1/public/lm/lmtk10.pfb><c:/Users/vitor/AppData/Roaming/TinyTeX/texmf-dist/fonts/type1/public/lm/lmtko10.pfb><c:/Users/vitor/AppData/Roaming/TinyTeX/texmf-dist/fonts/type1/public/lm/lmtt10.pfb><c:/Users/vitor/AppData/Roaming/TinyTeX/texmf-dist/fonts/type1/public/lm/lmtti10.pfb>
Output written on Relatório-ICE-23.pdf (83 pages, 605788 bytes).
PDF statistics:
 1234 PDF objects out of 1440 (max. 8388607)
 1090 compressed objects within 11 object streams
 433 named destinations out of 1000 (max. 500000)
 41323 words of extra memory for PDF output out of 42996 (max. 10000000)

